<?xml version="1.0" encoding="UTF-8"?>
<!-- Generated by org.testng.reporters.JUnitReportReporter -->
<testsuite hostname="EWT118" failures="0" tests="2" name="test.TestCase" time="22.891" errors="0" timestamp="2020-04-24T19:52:35 PDT" skipped="1">
  <testcase classname="test.TestCase" name="search" time="22.891"/>
  <testcase classname="test.TestCase" name="register">
    <skipped/>
  </testcase> <!-- register -->
</testsuite> <!-- test.TestCase -->
